<?xml version="1.0" encoding="UTF-8"?>
<testng-results ignored="0" total="1" passed="1" failed="0" skipped="0">
  <reporter-output>
  </reporter-output>
  <suite started-at="2022-04-19T12:27:33 AMT" name="Suite" finished-at="2022-04-19T12:27:58 AMT" duration-ms="24345">
    <groups>
      <group name="cucumber">
        <method signature="RunnerBase.scenario(io.cucumber.testng.PickleWrapper,io.cucumber.testng.FeatureWrapper)[pri:0, instance:com.qa.runners.MyPixel3TestNGRunnerTest@48fa0f47]" name="scenario" class="com.qa.runners.RunnerBase"/>
      </group> <!-- cucumber -->
    </groups>
    <test started-at="2022-04-19T12:27:33 AMT" name="Pixel300" finished-at="2022-04-19T12:27:58 AMT" duration-ms="24345">
      <class name="com.qa.runners.MyPixel3TestNGRunnerTest">
        <test-method is-config="true" signature="setUpClass(java.lang.String,java.lang.String,java.lang.String,java.lang.String,java.lang.String,java.lang.String,java.lang.String)[pri:0, instance:com.qa.runners.MyPixel3TestNGRunnerTest@48fa0f47]" started-at="2022-04-19T12:27:33 AMT" name="setUpClass" finished-at="2022-04-19T12:27:47 AMT" duration-ms="13652" status="PASS">
          <params>
            <param index="0">
              <value>
                <![CDATA[Android]]>
              </value>
            </param>
            <param index="1">
              <value>
                <![CDATA[emulator-5554]]>
              </value>
            </param>
            <param index="2">
              <value>
                <![CDATA[Pixel10]]>
              </value>
            </param>
            <param index="3">
              <value>
                <![CDATA[10000]]>
              </value>
            </param>
            <param index="4">
              <value>
                <![CDATA[11000]]>
              </value>
            </param>
            <param index="5">
              <value>
                <![CDATA[iOS]]>
              </value>
            </param>
            <param index="6">
              <value>
                <![CDATA[iOS]]>
              </value>
            </param>
          </params>
          <reporter-output>
          </reporter-output>
        </test-method> <!-- setUpClass -->
        <test-method signature="scenario(io.cucumber.testng.PickleWrapper,io.cucumber.testng.FeatureWrapper)[pri:0, instance:com.qa.runners.MyPixel3TestNGRunnerTest@48fa0f47]" started-at="2022-04-19T12:27:47 AMT" name="scenario" description="Runs Cucumber Scenarios" data-provider="scenarios" finished-at="2022-04-19T12:27:57 AMT" duration-ms="9697" status="PASS">
          <params>
            <param index="0">
              <value>
                <![CDATA["Login with valid user name"]]>
              </value>
            </param>
            <param index="1">
              <value>
                <![CDATA["Optional[Login scenarios]"]]>
              </value>
            </param>
          </params>
          <reporter-output>
          </reporter-output>
        </test-method> <!-- scenario -->
        <test-method is-config="true" signature="tearDownClass()[pri:0, instance:com.qa.runners.MyPixel3TestNGRunnerTest@48fa0f47]" started-at="2022-04-19T12:27:57 AMT" name="tearDownClass" finished-at="2022-04-19T12:27:58 AMT" duration-ms="974" status="PASS">
          <reporter-output>
          </reporter-output>
        </test-method> <!-- tearDownClass -->
      </class> <!-- com.qa.runners.MyPixel3TestNGRunnerTest -->
    </test> <!-- Pixel300 -->
  </suite> <!-- Suite -->
</testng-results>
